{"/Users/galargh/GitHub/pl-strflt/tf-aws-gh-observability/lambdas/webhook/src/lambda.ts": {"path":"/Users/galargh/GitHub/pl-strflt/tf-aws-gh-observability/lambdas/webhook/src/lambda.ts","statementMap":{"0":{"start":{"line":3,"column":0},"end":{"line":3,"column":43}},"1":{"start":{"line":4,"column":0},"end":{"line":4,"column":42}},"2":{"start":{"line":11,"column":2},"end":{"line":11,"column":58}},"3":{"start":{"line":12,"column":2},"end":{"line":12,"column":38}},"4":{"start":{"line":14,"column":2},"end":{"line":22,"column":null}},"5":{"start":{"line":15,"column":4},"end":{"line":15,"column":102}},"6":{"start":{"line":17,"column":4},"end":{"line":17,"column":20}},"7":{"start":{"line":18,"column":4},"end":{"line":21,"column":6}},"8":{"start":{"line":23,"column":2},"end":{"line":23,"column":16}},"9":{"start":{"line":10,"column":0},"end":{"line":10,"column":7}}},"fnMap":{"0":{"name":"githubWebhook","decl":{"start":{"line":10,"column":22},"end":{"line":10,"column":35}},"loc":{"start":{"line":10,"column":76},"end":{"line":24,"column":1}}}},"branchMap":{},"s":{"0":1,"1":1,"2":3,"3":3,"4":3,"5":3,"6":1,"7":1,"8":3,"9":1},"f":{"0":3},"b":{}}
,"/Users/galargh/GitHub/pl-strflt/tf-aws-gh-observability/lambdas/webhook/src/rds/index.ts": {"path":"/Users/galargh/GitHub/pl-strflt/tf-aws-gh-observability/lambdas/webhook/src/rds/index.ts","statementMap":{"0":{"start":{"line":1,"column":0},"end":{"line":1,"column":50}},"1":{"start":{"line":2,"column":0},"end":{"line":2,"column":42}},"2":{"start":{"line":10,"column":4},"end":{"line":10,"column":null}},"3":{"start":{"line":11,"column":4},"end":{"line":11,"column":null}},"4":{"start":{"line":12,"column":4},"end":{"line":15,"column":null}},"5":{"start":{"line":18,"column":4},"end":{"line":29,"column":null}},"6":{"start":{"line":19,"column":19},"end":{"line":19,"column":57}},"7":{"start":{"line":20,"column":19},"end":{"line":20,"column":57}},"8":{"start":{"line":21,"column":19},"end":{"line":21,"column":58}},"9":{"start":{"line":22,"column":23},"end":{"line":22,"column":62}},"10":{"start":{"line":23,"column":6},"end":{"line":28,"column":null}},"11":{"start":{"line":30,"column":4},"end":{"line":30,"column":null}},"12":{"start":{"line":33,"column":4},"end":{"line":36,"column":null}},"13":{"start":{"line":4,"column":0},"end":{"line":4,"column":13}}},"fnMap":{"0":{"name":"(anonymous_0)","decl":{"start":{"line":9,"column":2},"end":{"line":9,"column":22}},"loc":{"start":{"line":9,"column":40},"end":{"line":16,"column":3}}},"1":{"name":"(anonymous_1)","decl":{"start":{"line":17,"column":2},"end":{"line":17,"column":8}},"loc":{"start":{"line":17,"column":18},"end":{"line":31,"column":3}}},"2":{"name":"(anonymous_2)","decl":{"start":{"line":32,"column":2},"end":{"line":32,"column":7}},"loc":{"start":{"line":32,"column":122},"end":{"line":37,"column":3}}}},"branchMap":{"0":{"loc":{"start":{"line":10,"column":20},"end":{"line":10,"column":58}},"type":"binary-expr","locations":[{"start":{"line":10,"column":20},"end":{"line":10,"column":44}},{"start":{"line":10,"column":48},"end":{"line":10,"column":58}}]},"1":{"loc":{"start":{"line":11,"column":17},"end":{"line":11,"column":57}},"type":"binary-expr","locations":[{"start":{"line":11,"column":17},"end":{"line":11,"column":38}},{"start":{"line":11,"column":42},"end":{"line":11,"column":57}}]},"2":{"loc":{"start":{"line":18,"column":4},"end":{"line":29,"column":null}},"type":"if","locations":[{"start":{"line":18,"column":4},"end":{"line":29,"column":null}}]}},"s":{"0":2,"1":2,"2":0,"3":0,"4":0,"5":0,"6":0,"7":0,"8":0,"9":0,"10":0,"11":0,"12":0,"13":2},"f":{"0":0,"1":0,"2":0},"b":{"0":[0,0],"1":[0,0],"2":[0]}}
,"/Users/galargh/GitHub/pl-strflt/tf-aws-gh-observability/lambdas/webhook/src/ssm/index.ts": {"path":"/Users/galargh/GitHub/pl-strflt/tf-aws-gh-observability/lambdas/webhook/src/ssm/index.ts","statementMap":{"0":{"start":{"line":1,"column":0},"end":{"line":1,"column":42}},"1":{"start":{"line":4,"column":25},"end":{"line":4,"column":51}},"2":{"start":{"line":5,"column":17},"end":{"line":5,"column":70}},"3":{"start":{"line":6,"column":2},"end":{"line":6,"column":112}},"4":{"start":{"line":3,"column":0},"end":{"line":3,"column":7}}},"fnMap":{"0":{"name":"getParameterValue","decl":{"start":{"line":3,"column":22},"end":{"line":3,"column":39}},"loc":{"start":{"line":3,"column":52},"end":{"line":7,"column":1}}}},"branchMap":{"0":{"loc":{"start":{"line":6,"column":9},"end":{"line":6,"column":111}},"type":"cond-expr","locations":[{"start":{"line":6,"column":94},"end":{"line":6,"column":96}},{"start":{"line":6,"column":94},"end":{"line":6,"column":111}}]},"1":{"loc":{"start":{"line":6,"column":9},"end":{"line":6,"column":96}},"type":"binary-expr","locations":[{"start":{"line":6,"column":9},"end":{"line":6,"column":96}},{"start":{"line":6,"column":94},"end":{"line":6,"column":96}}]}},"s":{"0":3,"1":1,"2":1,"3":1,"4":3},"f":{"0":1},"b":{"0":[0,1],"1":[1,1]}}
,"/Users/galargh/GitHub/pl-strflt/tf-aws-gh-observability/lambdas/webhook/src/webhook/handler.ts": {"path":"/Users/galargh/GitHub/pl-strflt/tf-aws-gh-observability/lambdas/webhook/src/webhook/handler.ts","statementMap":{"0":{"start":{"line":1,"column":0},"end":{"line":1,"column":45}},"1":{"start":{"line":6,"column":0},"end":{"line":6,"column":29}},"2":{"start":{"line":7,"column":0},"end":{"line":7,"column":43}},"3":{"start":{"line":8,"column":0},"end":{"line":8,"column":59}},"4":{"start":{"line":10,"column":15},"end":{"line":10,"column":42}},"5":{"start":{"line":14,"column":2},"end":{"line":16,"column":null}},"6":{"start":{"line":15,"column":4},"end":{"line":15,"column":46}},"7":{"start":{"line":18,"column":16},"end":{"line":18,"column":51}},"8":{"start":{"line":19,"column":19},"end":{"line":19,"column":57}},"9":{"start":{"line":20,"column":23},"end":{"line":20,"column":65}},"10":{"start":{"line":21,"column":21},"end":{"line":21,"column":61}},"11":{"start":{"line":22,"column":18},"end":{"line":22,"column":27}},"12":{"start":{"line":24,"column":2},"end":{"line":24,"column":33}},"13":{"start":{"line":25,"column":2},"end":{"line":25,"column":39}},"14":{"start":{"line":26,"column":2},"end":{"line":26,"column":47}},"15":{"start":{"line":27,"column":2},"end":{"line":27,"column":43}},"16":{"start":{"line":29,"column":2},"end":{"line":29,"column":60}},"17":{"start":{"line":31,"column":27},"end":{"line":31,"column":63}},"18":{"start":{"line":33,"column":2},"end":{"line":35,"column":null}},"19":{"start":{"line":34,"column":4},"end":{"line":34,"column":20}},"20":{"start":{"line":37,"column":2},"end":{"line":37,"column":53}},"21":{"start":{"line":39,"column":2},"end":{"line":41,"column":null}},"22":{"start":{"line":40,"column":4},"end":{"line":40,"column":20}},"23":{"start":{"line":43,"column":14},"end":{"line":43,"column":29}},"24":{"start":{"line":44,"column":17},"end":{"line":44,"column":91}},"25":{"start":{"line":46,"column":2},"end":{"line":53,"column":null}},"26":{"start":{"line":47,"column":4},"end":{"line":52,"column":null}},"27":{"start":{"line":55,"column":2},"end":{"line":57,"column":4}},"28":{"start":{"line":12,"column":0},"end":{"line":12,"column":7}},"29":{"start":{"line":61,"column":35},"end":{"line":61,"column":78}},"30":{"start":{"line":62,"column":32},"end":{"line":62,"column":85}},"31":{"start":{"line":64,"column":23},"end":{"line":64,"column":65}},"32":{"start":{"line":66,"column":2},"end":{"line":73,"column":null}},"33":{"start":{"line":67,"column":4},"end":{"line":72,"column":null}},"34":{"start":{"line":75,"column":2},"end":{"line":82,"column":null}},"35":{"start":{"line":76,"column":4},"end":{"line":81,"column":null}},"36":{"start":{"line":84,"column":2},"end":{"line":86,"column":null}},"37":{"start":{"line":91,"column":2},"end":{"line":95,"column":null}},"38":{"start":{"line":92,"column":4},"end":{"line":92,"column":57}},"39":{"start":{"line":94,"column":4},"end":{"line":94,"column":53}},"40":{"start":{"line":96,"column":2},"end":{"line":103,"column":null}},"41":{"start":{"line":97,"column":4},"end":{"line":102,"column":null}},"42":{"start":{"line":105,"column":17},"end":{"line":105,"column":69}},"43":{"start":{"line":107,"column":19},"end":{"line":109,"column":4}},"44":{"start":{"line":110,"column":2},"end":{"line":117,"column":null}},"45":{"start":{"line":111,"column":4},"end":{"line":116,"column":null}},"46":{"start":{"line":118,"column":2},"end":{"line":120,"column":null}}},"fnMap":{"0":{"name":"handle","decl":{"start":{"line":12,"column":22},"end":{"line":12,"column":28}},"loc":{"start":{"line":12,"column":90},"end":{"line":58,"column":1}}},"1":{"name":"verifyOrganization","decl":{"start":{"line":60,"column":15},"end":{"line":60,"column":33}},"loc":{"start":{"line":60,"column":76},"end":{"line":87,"column":1}}},"2":{"name":"verifySignature","decl":{"start":{"line":89,"column":15},"end":{"line":89,"column":30}},"loc":{"start":{"line":89,"column":73},"end":{"line":121,"column":1}}}},"branchMap":{"0":{"loc":{"start":{"line":33,"column":2},"end":{"line":35,"column":null}},"type":"if","locations":[{"start":{"line":33,"column":2},"end":{"line":35,"column":null}}]},"1":{"loc":{"start":{"line":39,"column":2},"end":{"line":41,"column":null}},"type":"if","locations":[{"start":{"line":39,"column":2},"end":{"line":41,"column":null}}]},"2":{"loc":{"start":{"line":46,"column":2},"end":{"line":53,"column":null}},"type":"if","locations":[{"start":{"line":46,"column":2},"end":{"line":53,"column":null}}]},"3":{"loc":{"start":{"line":61,"column":35},"end":{"line":61,"column":78}},"type":"binary-expr","locations":[{"start":{"line":61,"column":35},"end":{"line":61,"column":70}},{"start":{"line":61,"column":74},"end":{"line":61,"column":78}}]},"4":{"loc":{"start":{"line":66,"column":2},"end":{"line":73,"column":null}},"type":"if","locations":[{"start":{"line":66,"column":2},"end":{"line":73,"column":null}}]},"5":{"loc":{"start":{"line":75,"column":2},"end":{"line":82,"column":null}},"type":"if","locations":[{"start":{"line":75,"column":2},"end":{"line":82,"column":null}}]},"6":{"loc":{"start":{"line":91,"column":2},"end":{"line":95,"column":null}},"type":"if","locations":[{"start":{"line":91,"column":2},"end":{"line":95,"column":null}},{"start":{"line":93,"column":9},"end":{"line":95,"column":null}}]},"7":{"loc":{"start":{"line":96,"column":2},"end":{"line":103,"column":null}},"type":"if","locations":[{"start":{"line":96,"column":2},"end":{"line":103,"column":null}}]},"8":{"loc":{"start":{"line":110,"column":2},"end":{"line":117,"column":null}},"type":"if","locations":[{"start":{"line":110,"column":2},"end":{"line":117,"column":null}}]}},"s":{"0":2,"1":2,"2":2,"3":2,"4":2,"5":5,"6":10,"7":5,"8":5,"9":5,"10":5,"11":5,"12":5,"13":5,"14":5,"15":5,"16":5,"17":5,"18":5,"19":2,"20":3,"21":3,"22":1,"23":2,"24":2,"25":2,"26":0,"27":2,"28":2,"29":3,"30":3,"31":3,"32":3,"33":0,"34":3,"35":1,"36":2,"37":5,"38":1,"39":4,"40":5,"41":1,"42":4,"43":4,"44":4,"45":1,"46":3},"f":{"0":5,"1":3,"2":5},"b":{"0":[2],"1":[1],"2":[0],"3":[3,0],"4":[0],"5":[1],"6":[1,4],"7":[1],"8":[1]}}
,"/Users/galargh/GitHub/pl-strflt/tf-aws-gh-observability/lambdas/webhook/src/webhook/logger.ts": {"path":"/Users/galargh/GitHub/pl-strflt/tf-aws-gh-observability/lambdas/webhook/src/webhook/logger.ts","statementMap":{"0":{"start":{"line":1,"column":0},"end":{"line":1,"column":31}},"1":{"start":{"line":3,"column":13},"end":{"line":10,"column":3}},"2":{"start":{"line":16,"column":4},"end":{"line":16,"column":44}},"3":{"start":{"line":12,"column":0},"end":{"line":12,"column":13}},"4":{"start":{"line":13,"column":9},"end":{"line":13,"column":48}}},"fnMap":{"0":{"name":"(anonymous_0)","decl":{"start":{"line":15,"column":9},"end":{"line":15,"column":15}},"loc":{"start":{"line":15,"column":21},"end":{"line":17,"column":3}}}},"branchMap":{"0":{"loc":{"start":{"line":6,"column":12},"end":{"line":6,"column":43}},"type":"binary-expr","locations":[{"start":{"line":6,"column":12},"end":{"line":6,"column":33}},{"start":{"line":6,"column":37},"end":{"line":6,"column":43}}]},"1":{"loc":{"start":{"line":9,"column":8},"end":{"line":9,"column":40}},"type":"binary-expr","locations":[{"start":{"line":9,"column":8},"end":{"line":9,"column":28}},{"start":{"line":9,"column":32},"end":{"line":9,"column":40}}]}},"s":{"0":3,"1":3,"2":5,"3":3,"4":3},"f":{"0":5},"b":{"0":[3,3],"1":[3,3]}}
,"/Users/galargh/GitHub/pl-strflt/tf-aws-gh-observability/lambdas/webhook/src/webhook/modules.d.ts": {"path":"/Users/galargh/GitHub/pl-strflt/tf-aws-gh-observability/lambdas/webhook/src/webhook/modules.d.ts","statementMap":{},"fnMap":{},"branchMap":{},"s":{},"f":{},"b":{},"inputSourceMap":null}
}
