TN:
SF:src/lambda.ts
FN:10,githubWebhook
FNF:1
FNH:1
FNDA:3,githubWebhook
DA:3,1
DA:4,1
DA:10,1
DA:11,3
DA:12,3
DA:14,3
DA:15,3
DA:17,1
DA:18,1
DA:23,3
LF:10
LH:10
BRF:0
BRH:0
end_of_record
TN:
SF:src/rds/index.ts
FN:9,(anonymous_0)
FN:17,(anonymous_1)
FN:32,(anonymous_2)
FNF:3
FNH:0
FNDA:0,(anonymous_0)
FNDA:0,(anonymous_1)
FNDA:0,(anonymous_2)
DA:1,2
DA:2,2
DA:4,2
DA:10,0
DA:11,0
DA:12,0
DA:18,0
DA:19,0
DA:20,0
DA:21,0
DA:22,0
DA:23,0
DA:30,0
DA:33,0
LF:14
LH:3
BRDA:10,0,0,0
BRDA:10,0,1,0
BRDA:11,1,0,0
BRDA:11,1,1,0
BRDA:18,2,0,0
BRF:5
BRH:0
end_of_record
TN:
SF:src/ssm/index.ts
FN:3,getParameterValue
FNF:1
FNH:1
FNDA:1,getParameterValue
DA:1,3
DA:3,3
DA:4,1
DA:5,1
DA:6,1
LF:5
LH:5
BRDA:6,0,0,0
BRDA:6,0,1,1
BRDA:6,1,0,1
BRDA:6,1,1,1
BRF:4
BRH:3
end_of_record
TN:
SF:src/webhook/handler.ts
FN:12,handle
FN:60,verifyOrganization
FN:89,verifySignature
FNF:3
FNH:3
FNDA:5,handle
FNDA:3,verifyOrganization
FNDA:5,verifySignature
DA:1,2
DA:6,2
DA:7,2
DA:8,2
DA:10,2
DA:12,2
DA:14,5
DA:15,10
DA:18,5
DA:19,5
DA:20,5
DA:21,5
DA:22,5
DA:24,5
DA:25,5
DA:26,5
DA:27,5
DA:29,5
DA:31,5
DA:33,5
DA:34,2
DA:37,3
DA:39,3
DA:40,1
DA:43,2
DA:44,2
DA:46,2
DA:47,0
DA:55,2
DA:61,3
DA:62,3
DA:64,3
DA:66,3
DA:67,0
DA:75,3
DA:76,1
DA:84,2
DA:91,5
DA:92,1
DA:94,4
DA:96,5
DA:97,1
DA:105,4
DA:107,4
DA:110,4
DA:111,1
DA:118,3
LF:47
LH:45
BRDA:33,0,0,2
BRDA:39,1,0,1
BRDA:46,2,0,0
BRDA:61,3,0,3
BRDA:61,3,1,0
BRDA:66,4,0,0
BRDA:75,5,0,1
BRDA:91,6,0,1
BRDA:91,6,1,4
BRDA:96,7,0,1
BRDA:110,8,0,1
BRF:11
BRH:8
end_of_record
TN:
SF:src/webhook/logger.ts
FN:15,(anonymous_0)
FNF:1
FNH:1
FNDA:5,(anonymous_0)
DA:1,3
DA:3,3
DA:12,3
DA:13,3
DA:16,5
LF:5
LH:5
BRDA:6,0,0,3
BRDA:6,0,1,3
BRDA:9,1,0,3
BRDA:9,1,1,3
BRF:4
BRH:4
end_of_record
TN:
SF:src/webhook/modules.d.ts
FNF:0
FNH:0
LF:0
LH:0
BRF:0
BRH:0
end_of_record
